Tue Sep 29 08:59:33 COT 2015 : No se ha podido recibir en el puerto 1527 en el host localhost:
 java.net.BindException: La dirección ya se está usando
Se ha generado una excepción al iniciar el servidor de red. DRDA_ListenPort.S:No se ha podido recibir en el puerto 1527 en el host localhost:
 java.net.BindException: La dirección ya se está usando
java.lang.reflect.InvocationTargetException
	at sun.reflect.NativeMethodAccessorImpl.invoke0(Native Method)
	at sun.reflect.NativeMethodAccessorImpl.invoke(NativeMethodAccessorImpl.java:62)
	at sun.reflect.DelegatingMethodAccessorImpl.invoke(DelegatingMethodAccessorImpl.java:43)
	at java.lang.reflect.Method.invoke(Method.java:483)
	at org.apache.derby.iapi.jdbc.DRDAServerStarter.run(Unknown Source)
	at java.lang.Thread.run(Thread.java:745)
Caused by: java.lang.Exception: DRDA_ListenPort.S:No se ha podido recibir en el puerto 1527 en el host localhost:
 java.net.BindException: La dirección ya se está usando
	at org.apache.derby.impl.drda.NetworkServerControlImpl.consolePropertyMessageWork(Unknown Source)
	at org.apache.derby.impl.drda.NetworkServerControlImpl.consolePropertyMessage(Unknown Source)
	at org.apache.derby.impl.drda.NetworkServerControlImpl.blockingStart(Unknown Source)
	... 6 more
----------------------------------------------------------------
Tue Sep 29 08:59:33 COT 2015:
 Iniciando instancia a816c00e-0150-1966-b898-0000053796d0 de Derby, versión The Apache Software Foundation - Apache Derby - 10.10.1.3 - (1557168): 
en el directorio de base de datos /home/zeus/NetBeansProjects/SuperMercado/greendb con el cargador de clases sun.misc.Launcher$AppClassLoader@66d3c617
Cargado desde file:/opt/jdk1.8.0_31/db/lib/derby.jar
java.vendor=Oracle Corporation
java.runtime.version=1.8.0_31-b13
user.dir=/home/zeus/NetBeansProjects/SuperMercado
os.name=Linux
os.arch=amd64
os.version=3.16.0-30-generic
derby.system.home=null
Cargador de clases de base de datos iniciado - derby.database.classpath=''
